Line 106: Class MSAdodcLib.Adodc of control Adodc1 was not a loaded control class.
Line 188: Class MSComDlg.CommonDialog of control cd was not a loaded control class.
Line 215: Class MSComCtl2.DTPicker of control DTPicker2 was not a loaded control class.
Line 227: Class MSComCtl2.DTPicker of control DTPicker1 was not a loaded control class.
Line 112: The property name _ExtentX in Adodc1 is invalid.
Line 113: The property name _ExtentY in Adodc1 is invalid.
Line 114: The property name ConnectMode in Adodc1 is invalid.
Line 115: The property name CursorLocation in Adodc1 is invalid.
Line 116: The property name IsolationLevel in Adodc1 is invalid.
Line 117: The property name ConnectionTimeout in Adodc1 is invalid.
Line 118: The property name CommandTimeout in Adodc1 is invalid.
Line 119: The property name CursorType in Adodc1 is invalid.
Line 120: The property name LockType in Adodc1 is invalid.
Line 121: The property name CommandType in Adodc1 is invalid.
Line 122: The property name CursorOptions in Adodc1 is invalid.
Line 123: The property name CacheSize in Adodc1 is invalid.
Line 124: The property name MaxRecords in Adodc1 is invalid.
Line 125: The property name BOFAction in Adodc1 is invalid.
Line 126: The property name EOFAction in Adodc1 is invalid.
Line 127: The property name ConnectStringType in Adodc1 is invalid.
Line 131: The property name Orientation in Adodc1 is invalid.
Line 133: The property name Connect in Adodc1 is invalid.
Line 134: The property name OLEDBString in Adodc1 is invalid.
Line 135: The property name OLEDBFile in Adodc1 is invalid.
Line 136: The property name DataSourceName in Adodc1 is invalid.
Line 137: The property name OtherAttributes in Adodc1 is invalid.
Line 138: The property name UserName in Adodc1 is invalid.
Line 139: The property name Password in Adodc1 is invalid.
Line 140: The property name RecordSource in Adodc1 is invalid.
Line 141: The property name Caption in Adodc1 is invalid.
Line 151: The property name _Version in Adodc1 is invalid.
Line 191: The property name _ExtentX in cd is invalid.
Line 192: The property name _ExtentY in cd is invalid.
Line 193: The property name _Version in cd is invalid.
Line 221: The property name _ExtentX in DTPicker2 is invalid.
Line 222: The property name _ExtentY in DTPicker2 is invalid.
Line 223: The property name _Version in DTPicker2 is invalid.
Line 224: The property name Format in DTPicker2 is invalid.
Line 225: The property name CurrentDate in DTPicker2 is invalid.
Line 233: The property name _ExtentX in DTPicker1 is invalid.
Line 234: The property name _ExtentY in DTPicker1 is invalid.
Line 235: The property name _Version in DTPicker1 is invalid.
Line 236: The property name Format in DTPicker1 is invalid.
Line 237: The property name CurrentDate in DTPicker1 is invalid.
